<?xml version="1.0" encoding="UTF-8"?>
<beans xmlns="http://www.springframework.org/schema/beans"
       xmlns:xsi="http://www.w3.org/2001/XMLSchema-instance"
       xmlns:context="http://www.springframework.org/schema/context"
       xmlns:jpa="http://www.springframework.org/schema/data/jpa"
       xmlns:jdbc="http://www.springframework.org/schema/jdbc"
       xmlns:tx="http://www.springframework.org/schema/tx"
       xsi:schemaLocation="http://www.springframework.org/schema/beans
        https://www.springframework.org/schema/beans/spring-beans.xsd
        http://www.springframework.org/schema/context
        https://www.springframework.org/schema/context/spring-context.xsd
        http://www.springframework.org/schema/data/jpa
        http://www.springframework.org/schema/data/jpa/spring-jpa.xsd
        http://www.springframework.org/schema/tx
        http://www.springframework.org/schema/tx/spring-tx-4.3.xsd
        http://www.springframework.org/schema/jdbc
        http://www.springframework.org/schema/jdbc/spring-jdbc.xsd">

    <context:component-scan base-package="com.revenat.ext.student" >
        <context:exclude-filter type="annotation" expression="org.springframework.context.annotation.Configuration"/>
    </context:component-scan>

    <!-- Use in-memory embedded H2 database -->
    <jdbc:embedded-database id="dataSource" type="H2"/>

    <!-- Run H2 web server within application that will access the same in-memory database -->
    <bean id="h2Server" class="org.h2.tools.Server" factory-method="createTcpServer" init-method="start" destroy-method="stop" depends-on="h2WebServer">
        <constructor-arg value="-tcp,-tcpAllowOthers,-tcpPort,9092"/>
    </bean>
    <bean id="h2WebServer" class="org.h2.tools.Server" factory-method="createWebServer" init-method="start" destroy-method="stop">
        <constructor-arg value="-web,-webAllowOthers,-webPort,8082"/>
    </bean>

    <jpa:repositories base-package="com.revenat.ext.student.persistence"
                      entity-manager-factory-ref="emf"
                      transaction-manager-ref="txManager"/>

    <tx:annotation-driven transaction-manager="txManager" />

    <bean name="emf" class="org.springframework.orm.jpa.LocalContainerEntityManagerFactoryBean">
        <property name="persistenceUnitName" value="StudentRegisterPU"/>
        <property name="dataSource" ref="dataSource"/>
        <property name="packagesToScan">
            <list>
                <value>com.revenat.ext.student.business.entity</value>
            </list>
        </property>
        <property name="jpaVendorAdapter">
            <bean class="org.springframework.orm.jpa.vendor.HibernateJpaVendorAdapter"/>
        </property>
        <property name="jpaProperties">
            <props>
                <prop key="hibernate.dialect">org.hibernate.dialect.H2Dialect</prop>
                <prop key="hibernate.show_sql">true</prop>
                <prop key="hibernate.hbm2ddl.auto">create</prop>
                <prop key="hibernate.hbm2ddl.import_files">test-data.sql</prop>
                <prop key="hibernate.hbm2ddl.import_files_sql_extractor">
                    org.hibernate.tool.hbm2ddl.MultipleLinesSqlCommandExtractor
                </prop>
            </props>
        </property>
    </bean>

    <bean id="txManager" class="org.springframework.orm.jpa.JpaTransactionManager">
        <property name="entityManagerFactory" ref="emf" />
    </bean>

</beans>